0 info it worked if it ends with ok
1 verbose cli [ '/home/osboxes/.nvm/v0.10.32/bin/node',
1 verbose cli   '/home/osboxes/.nvm/v0.10.32/bin/npm',
1 verbose cli   'install',
1 verbose cli   '--save',
1 verbose cli   'net-keepalive' ]
2 info using npm@1.4.28
3 info using node@v0.10.32
4 warn package.json bcrypt-pbkdf@1.0.1 No repository field.
5 warn package.json callsite@1.0.0 No repository field.
6 warn package.json has-binary@0.1.7 No repository field.
7 verbose readDependencies using package.json deps
8 verbose cache add [ 'net-keepalive', null ]
9 verbose cache add name=undefined spec="net-keepalive" args=["net-keepalive",null]
10 verbose parsed url { protocol: null,
10 verbose parsed url   slashes: null,
10 verbose parsed url   auth: null,
10 verbose parsed url   host: null,
10 verbose parsed url   port: null,
10 verbose parsed url   hostname: null,
10 verbose parsed url   hash: null,
10 verbose parsed url   search: null,
10 verbose parsed url   query: null,
10 verbose parsed url   pathname: 'net-keepalive',
10 verbose parsed url   path: 'net-keepalive',
10 verbose parsed url   href: 'net-keepalive' }
11 silly lockFile c80df7ab-net-keepalive net-keepalive
12 verbose lock net-keepalive /home/osboxes/.npm/c80df7ab-net-keepalive.lock
13 silly lockFile c80df7ab-net-keepalive net-keepalive
14 silly lockFile c80df7ab-net-keepalive net-keepalive
15 verbose addNamed [ 'net-keepalive', '' ]
16 verbose addNamed [ null, '*' ]
17 silly lockFile 159496b9-net-keepalive net-keepalive@
18 verbose lock net-keepalive@ /home/osboxes/.npm/159496b9-net-keepalive.lock
19 silly addNameRange { name: 'net-keepalive', range: '*', hasData: false }
20 verbose request where is /net-keepalive
21 verbose request registry https://registry.npmjs.org/
22 verbose request id 108f210edf3e2128
23 verbose url raw /net-keepalive
24 verbose url resolving [ 'https://registry.npmjs.org/', './net-keepalive' ]
25 verbose url resolved https://registry.npmjs.org/net-keepalive
26 verbose request where is https://registry.npmjs.org/net-keepalive
27 info trying registry request attempt 1 at 12:16:15
28 http GET https://registry.npmjs.org/net-keepalive
29 info retry will retry, error on last attempt: Error: getaddrinfo ESRCH
30 info trying registry request attempt 2 at 12:16:25
31 http GET https://registry.npmjs.org/net-keepalive
32 info retry will retry, error on last attempt: Error: getaddrinfo ESRCH
33 info trying registry request attempt 3 at 12:17:25
34 http GET https://registry.npmjs.org/net-keepalive
35 silly lockFile 159496b9-net-keepalive net-keepalive@
36 silly lockFile 159496b9-net-keepalive net-keepalive@
37 error Error: getaddrinfo ESRCH
37 error     at errnoException (dns.js:37:11)
37 error     at Object.onanswer [as oncomplete] (dns.js:124:16)
38 error If you need help, you may report this *entire* log,
38 error including the npm and node versions, at:
38 error     <http://github.com/npm/npm/issues>
39 error System Linux 4.4.0-67-generic
40 error command "/home/osboxes/.nvm/v0.10.32/bin/node" "/home/osboxes/.nvm/v0.10.32/bin/npm" "install" "--save" "net-keepalive"
41 error cwd /home/osboxes/alexaProjects/alexa-Allplay-v1.0.2-Release/server_node/alexa_server_Pool
42 error node -v v0.10.32
43 error npm -v 1.4.28
44 error syscall getaddrinfo
45 error code ESRCH
46 error errno ESRCH
47 verbose exit [ 1, true ]
